<?xml version="1.0" encoding="UTF-8"?>
<!-- Generated by org.testng.reporters.JUnitReportReporter -->
<testsuite hostname="Admin-PC" name="testcases.verifyLoginPage" tests="1" failures="0" timestamp="7 May 2019 21:02:10 GMT" time="40.300" errors="0">
  <testcase name="verifyLogin" time="40.300" classname="testcases.verifyLoginPage"/>
</testsuite> <!-- testcases.verifyLoginPage -->
