<?xml version="1.0" encoding="UTF-8"?>
<!-- Generated by org.testng.reporters.JUnitReportReporter -->
<testsuite hostname="Admin-PC" name="testcases.verifyHomePage" tests="1" failures="0" timestamp="7 May 2019 19:05:19 GMT" time="26.305" errors="0">
  <testcase name="verifyTitleofHomePage" time="26.305" classname="testcases.verifyHomePage"/>
</testsuite> <!-- testcases.verifyHomePage -->
